[18-Jan-2017 11:23:45 UTC] PHP Parse error:  syntax error, unexpected 'break' (T_BREAK), expecting ',' or ';' in /home/ubuntu/workspace/Aula10/aula10.php on line 26
[18-Jan-2017 11:23:48 UTC] PHP Parse error:  syntax error, unexpected 'break' (T_BREAK), expecting ',' or ';' in /home/ubuntu/workspace/Aula10/aula10.php on line 26
[18-Jan-2017 11:23:56 UTC] PHP Parse error:  syntax error, unexpected 'break' (T_BREAK), expecting ',' or ';' in /home/ubuntu/workspace/Aula10/aula10.php on line 30
[18-Jan-2017 11:23:58 UTC] PHP Parse error:  syntax error, unexpected 'break' (T_BREAK), expecting ',' or ';' in /home/ubuntu/workspace/Aula10/aula10.php on line 30
[18-Jan-2017 11:35:56 UTC] PHP Parse error:  syntax error, unexpected 'switch' (T_SWITCH), expecting ',' or ';' in /home/ubuntu/workspace/Aula10/aula10.php on line 16
[23-Jan-2017 11:13:17 UTC] PHP Parse error:  syntax error, unexpected '$cont' (T_VARIABLE), expecting ',' or ';' in /home/ubuntu/workspace/Aula11/aula11-1.php on line 18
[23-Jan-2017 11:21:33 UTC] PHP Parse error:  syntax error, unexpected '1' (T_LNUMBER) in /home/ubuntu/workspace/Aula11/aula11-2.php on line 14
[01-Feb-2017 00:24:59 UTC] PHP Parse error:  syntax error, unexpected '$c' (T_VARIABLE), expecting ',' or ';' in /home/ubuntu/workspace/Aula12/aula12.php on line 14
[08-Feb-2017 13:45:40 UTC] PHP Fatal error:  Call to undefined function mostraValor() in /home/ubuntu/workspace/Aula15/aula15.php on line 26
[08-Feb-2017 13:45:40 UTC] PHP Stack trace:
[08-Feb-2017 13:45:40 UTC] PHP   1. {main}() /home/ubuntu/workspace/Aula15/aula15.php:0
[08-Feb-2017 13:48:35 UTC] PHP Warning:  require(funcoe3s.php): failed to open stream: No such file or directory in /home/ubuntu/workspace/Aula15/aula15.php on line 22
[08-Feb-2017 13:48:35 UTC] PHP Stack trace:
[08-Feb-2017 13:48:35 UTC] PHP   1. {main}() /home/ubuntu/workspace/Aula15/aula15.php:0
[08-Feb-2017 13:48:35 UTC] PHP Fatal error:  require(): Failed opening required 'funcoe3s.php' (include_path='.:/usr/share/php:/usr/share/pear') in /home/ubuntu/workspace/Aula15/aula15.php on line 22
[08-Feb-2017 13:48:35 UTC] PHP Stack trace:
[08-Feb-2017 13:48:35 UTC] PHP   1. {main}() /home/ubuntu/workspace/Aula15/aula15.php:0
[08-Feb-2017 13:48:42 UTC] PHP Fatal error:  Cannot redeclare ola() (previously declared in /home/ubuntu/workspace/Aula15/funcoes.php:2) in /home/ubuntu/workspace/Aula15/funcoes.php on line 2
[08-Feb-2017 13:48:42 UTC] PHP Stack trace:
[08-Feb-2017 13:48:42 UTC] PHP   1. {main}() /home/ubuntu/workspace/Aula15/aula15.php:0
[06-Mar-2017 12:11:43 UTC] PHP Parse error:  syntax error, unexpected 'print_r' (T_STRING), expecting ',' or ';' in /home/ubuntu/workspace/Aula16/aula16.php on line 28
[06-Mar-2017 12:20:26 UTC] PHP Parse error:  syntax error, unexpected '$res' (T_VARIABLE) in /home/ubuntu/workspace/Aula16/aula16.php on line 37
[06-Mar-2017 12:21:39 UTC] PHP Parse error:  syntax error, unexpected '$res' (T_VARIABLE) in /home/ubuntu/workspace/Aula16/aula16.php on line 37
[06-Mar-2017 12:22:00 UTC] PHP Parse error:  syntax error, unexpected '$res' (T_VARIABLE) in /home/ubuntu/workspace/Aula16/aula16.php on line 37
[06-Mar-2017 12:41:21 UTC] PHP Parse error:  syntax error, unexpected '=' in /home/ubuntu/workspace/Aula16/aula16.php on line 63
[08-Mar-2017 13:00:36 UTC] PHP Parse error:  syntax error, unexpected '$site' (T_VARIABLE), expecting ',' or ';' in /home/ubuntu/workspace/Aula16/aula16.php on line 138
[08-Mar-2017 17:15:42 UTC] PHP Parse error:  syntax error, unexpected 'echo' (T_ECHO), expecting ',' or ';' in /home/ubuntu/workspace/Aula16/aula16.php on line 167
[10-Mar-2017 12:22:27 UTC] PHP Parse error:  syntax error, unexpected 'echo' (T_ECHO) in /home/ubuntu/workspace/Aula18/aula17.php on line 24
[10-Mar-2017 12:32:42 UTC] PHP Parse error:  syntax error, unexpected '}', expecting ',' or ';' in /home/ubuntu/workspace/Aula18/aula17.php on line 48
[10-Mar-2017 12:40:18 UTC] PHP Parse error:  syntax error, unexpected '=', expecting ')' in /home/ubuntu/workspace/Aula18/aula17.php on line 64
[13-Mar-2017 12:51:02 UTC] PHP Parse error:  syntax error, unexpected '==' (T_IS_EQUAL), expecting ')' in /home/ubuntu/workspace/Aula18/aula18.php on line 143
[13-Mar-2017 12:51:17 UTC] PHP Parse error:  syntax error, unexpected '==' (T_IS_EQUAL), expecting ')' in /home/ubuntu/workspace/Aula18/aula18.php on line 143
[13-Mar-2017 12:52:35 UTC] PHP Parse error:  syntax error, unexpected '=', expecting ',' or ';' in /home/ubuntu/workspace/Aula18/aula18.php on line 145
[13-Mar-2017 12:53:09 UTC] PHP Parse error:  syntax error, unexpected '}' in /home/ubuntu/workspace/Aula18/aula18.php on line 148
[13-Mar-2017 12:54:03 UTC] PHP Parse error:  syntax error, unexpected '==' (T_IS_EQUAL), expecting ')' in /home/ubuntu/workspace/Aula18/aula18.php on line 152
[13-Mar-2017 13:10:42 UTC] PHP Parse error:  syntax error, unexpected 'print' (T_PRINT), expecting ',' or ';' in /home/ubuntu/workspace/Aula18/aula18.php on line 159
